[INFO] Scanning for projects...
[WARNING] 
[WARNING] Some problems were encountered while building the effective model for com.javaee7.wildfly:ejb-remote:jar:0.0.1-SNAPSHOT
[WARNING] 'build.plugins.plugin.version' for org.apache.maven.plugins:maven-surefire-plugin is missing. @ line 34, column 21
[WARNING] 'build.plugins.plugin.version' for org.apache.maven.plugins:maven-failsafe-plugin is missing. @ line 54, column 21
[WARNING] 'build.plugins.plugin.version' for org.codehaus.mojo:build-helper-maven-plugin is missing. @ line 71, column 21
[WARNING] 
[WARNING] It is highly recommended to fix these problems because they threaten the stability of your build.
[WARNING] 
[WARNING] For this reason, future Maven versions might no longer support building such malformed projects.
[WARNING] 
[INFO] 
[INFO] -------------------< com.javaee7.wildfly:ejb-remote >-------------------
[INFO] Building ejb-remote 0.0.1-SNAPSHOT
[INFO] --------------------------------[ jar ]---------------------------------
[INFO] 
[INFO] --- maven-clean-plugin:2.5:clean (default-clean) @ ejb-remote ---
[INFO] Deleting C:\Users\meynier\data\git\java\EJB-Remote\target
[INFO] 
[INFO] --- maven-resources-plugin:3.0.2:copy-resources (copy-resources) @ ejb-remote ---
[INFO] Using 'UTF-8' encoding to copy filtered resources.
[INFO] skip non existing resourceDirectory C:\Users\meynier\data\git\java\EJB-Remote\src\resources-filtered\arquillian
[INFO] 
[INFO] --- maven-resources-plugin:3.0.2:resources (default-resources) @ ejb-remote ---
[INFO] Using 'UTF-8' encoding to copy filtered resources.
[INFO] skip non existing resourceDirectory C:\Users\meynier\data\git\java\EJB-Remote\src\main\resources
[INFO] 
[INFO] --- build-helper-maven-plugin:3.0.0:add-test-source (add-test-source) @ ejb-remote ---
[INFO] Test Source directory: C:\Users\meynier\data\git\java\EJB-Remote\src\it\java added.
[INFO] 
[INFO] --- build-helper-maven-plugin:3.0.0:add-test-resource (add-test-source) @ ejb-remote ---
[INFO] 
[INFO] --- maven-compiler-plugin:3.1:compile (default-compile) @ ejb-remote ---
[INFO] Changes detected - recompiling the module!
[INFO] Compiling 6 source files to C:\Users\meynier\data\git\java\EJB-Remote\target\classes
[WARNING] /C:/Users/meynier/data/git/java/EJB-Remote/src/main/java/com/javaee7/wildfly/server/client/utils/JndiConfiguration.java: Some input files use unchecked or unsafe operations.
[WARNING] /C:/Users/meynier/data/git/java/EJB-Remote/src/main/java/com/javaee7/wildfly/server/client/utils/JndiConfiguration.java: Recompile with -Xlint:unchecked for details.
[INFO] 
[INFO] --- maven-resources-plugin:3.0.2:testResources (default-testResources) @ ejb-remote ---
[INFO] Using 'UTF-8' encoding to copy filtered resources.
[INFO] Copying 2 resources
[INFO] Copying 1 resource
[INFO] 
[INFO] --- maven-compiler-plugin:3.1:testCompile (default-testCompile) @ ejb-remote ---
[INFO] Changes detected - recompiling the module!
[INFO] Compiling 3 source files to C:\Users\meynier\data\git\java\EJB-Remote\target\test-classes
[INFO] 
[INFO] --- maven-dependency-plugin:2.8:unpack (unpack) @ ejb-remote ---
[INFO] Configured Artifact: org.wildfly:wildfly-dist:8.2.1.Final:zip
[INFO] Configured Artifact: org.wildfly:wildfly-dist:8.2.1.Final:zip
[INFO] Unpacking C:\Personal_Unsaved\data\.m2\repository\org\wildfly\wildfly-dist\8.2.1.Final\wildfly-dist-8.2.1.Final.zip to C:\Users\meynier\data\git\java\EJB-Remote\target\node1 with includes "" and excludes ""
[INFO] Unpacking C:\Personal_Unsaved\data\.m2\repository\org\wildfly\wildfly-dist\8.2.1.Final\wildfly-dist-8.2.1.Final.zip to C:\Users\meynier\data\git\java\EJB-Remote\target\node2 with includes "" and excludes ""
[INFO] 
[INFO] --- maven-surefire-plugin:2.12.4:test (default-test) @ ejb-remote ---
[INFO] Surefire report directory: C:\Users\meynier\data\git\java\EJB-Remote\target\surefire-reports

-------------------------------------------------------
 T E S T S
-------------------------------------------------------
Running com.javaee7.wildfly.server.RemoteClientWithFileTest
19:16:36,173 INFO  [org.jboss.modules] (main) JBoss Modules version 1.3.3.Final
19:16:36,371 INFO  [org.jboss.msc] (main) JBoss MSC version 1.2.2.Final
19:16:36,436 INFO  [org.jboss.as] (MSC service thread 1-7) JBAS015899: WildFly 8.2.1.Final "Tweek" starting
19:16:37,637 INFO  [org.jboss.as.server] (Controller Boot Thread) JBAS015888: Creating http management service using socket-binding (management-http)
19:16:37,658 INFO  [org.xnio] (MSC service thread 1-1) XNIO version 3.3.0.Final
19:16:37,668 INFO  [org.xnio.nio] (MSC service thread 1-1) XNIO NIO Implementation Version 3.3.0.Final
19:16:37,715 INFO  [org.jboss.as.security] (ServerService Thread Pool -- 45) JBAS013171: Activating Security Subsystem
19:16:37,722 INFO  [org.jboss.as.clustering.infinispan] (ServerService Thread Pool -- 32) JBAS010280: Activating Infinispan subsystem.
19:16:37,724 INFO  [org.jboss.as.naming] (ServerService Thread Pool -- 40) JBAS011800: Activating Naming Subsystem
19:16:37,715 WARN  [org.jboss.as.txn] (ServerService Thread Pool -- 46) JBAS010153: Node identifier property is set to the default value. Please make sure it is unique.
19:16:37,738 INFO  [org.jboss.as.security] (MSC service thread 1-4) JBAS013170: Current PicketBox version=4.0.21.Final
19:16:37,744 INFO  [org.jboss.as.webservices] (ServerService Thread Pool -- 48) JBAS015537: Activating WebServices Extension
19:16:37,751 INFO  [org.jboss.as.jsf] (ServerService Thread Pool -- 38) JBAS012615: Activated the following JSF Implementations: [main]
19:16:37,768 INFO  [org.wildfly.extension.io] (ServerService Thread Pool -- 31) WFLYIO001: Worker 'default' has auto-configured to 8 core threads with 64 task threads based on your 4 available processors
19:16:37,770 INFO  [org.jboss.as.connector.logging] (MSC service thread 1-3) JBAS010408: Starting JCA Subsystem (IronJacamar 1.1.9.Final)
19:16:37,799 INFO  [org.jboss.as.connector.subsystems.datasources] (ServerService Thread Pool -- 27) JBAS010403: Deploying JDBC-compliant driver class org.h2.Driver (version 1.3)
19:16:37,801 INFO  [org.jboss.as.connector.deployers.jdbc] (MSC service thread 1-8) JBAS010417: Started Driver service with driver-name = h2
19:16:37,802 INFO  [org.wildfly.extension.undertow] (ServerService Thread Pool -- 47) JBAS017502: Undertow 1.1.8.Final starting
19:16:37,805 INFO  [org.wildfly.extension.undertow] (MSC service thread 1-4) JBAS017502: Undertow 1.1.8.Final starting
19:16:37,847 INFO  [org.jboss.as.naming] (MSC service thread 1-6) JBAS011802: Starting Naming Service
19:16:37,848 INFO  [org.jboss.as.mail.extension] (MSC service thread 1-6) JBAS015400: Bound mail session [java:jboss/mail/Default]
19:16:38,069 INFO  [org.jboss.remoting] (MSC service thread 1-1) JBoss Remoting version 4.0.7.Final
19:16:38,175 INFO  [org.wildfly.extension.undertow] (ServerService Thread Pool -- 47) JBAS017527: Creating file handler for path C:\Users\meynier\data\git\java\EJB-Remote\target\node1\wildfly-8.2.1.Final/welcome-content
19:16:38,201 INFO  [org.wildfly.extension.undertow] (MSC service thread 1-4) JBAS017525: Started server default-server.
19:16:38,205 INFO  [org.wildfly.extension.undertow] (MSC service thread 1-4) JBAS017531: Host default-host starting
19:16:38,303 INFO  [org.jboss.as.server.deployment.scanner] (MSC service thread 1-2) JBAS015012: Started FileSystemDeploymentService for directory C:\Users\meynier\data\git\java\EJB-Remote\target\node1\wildfly-8.2.1.Final\standalone\deployments
19:16:38,325 INFO  [org.wildfly.extension.undertow] (MSC service thread 1-7) JBAS017519: Undertow HTTP listener default listening on /127.0.0.1:8080
19:16:38,488 INFO  [org.jboss.as.connector.subsystems.datasources] (MSC service thread 1-4) JBAS010400: Bound data source [java:jboss/datasources/ExampleDS]
19:16:38,743 INFO  [org.jboss.ws.common.management] (MSC service thread 1-7) JBWS022052: Starting JBoss Web Services - Stack CXF Server 4.3.2.Final
19:16:38,850 INFO  [org.jboss.as] (Controller Boot Thread) JBAS015961: Http management interface listening on http://127.0.0.1:9990/management
19:16:38,851 INFO  [org.jboss.as] (Controller Boot Thread) JBAS015951: Admin console listening on http://127.0.0.1:9990
19:16:38,852 INFO  [org.jboss.as] (Controller Boot Thread) JBAS015874: WildFly 8.2.1.Final "Tweek" started in 3054ms - Started 184 of 234 services (82 services are lazy, passive or on-demand)
19:16:40,278 INFO  [org.jboss.as.repository] (management-handler-thread - 3) JBAS014900: Content added at location C:\Users\meynier\data\git\java\EJB-Remote\target\node1\wildfly-8.2.1.Final\standalone\data\content\77\eef9b4a91bc641976c308353f24ae84b367bbf\content
19:16:40,294 INFO  [org.jboss.as.server.deployment] (MSC service thread 1-3) JBAS015876: Starting deployment of "myApplication.war" (runtime-name: "myApplication.war")
19:16:40,756 INFO  [org.jboss.weld.deployer] (MSC service thread 1-5) JBAS016002: Processing weld deployment myApplication.war
19:16:40,817 INFO  [org.hibernate.validator.internal.util.Version] (MSC service thread 1-5) HV000001: Hibernate Validator 5.1.3.Final
19:16:40,889 INFO  [org.jboss.as.ejb3.deployment.processors.EjbJndiBindingsDeploymentUnitProcessor] (MSC service thread 1-5) JNDI bindings for session bean named Greeting in deployment unit deployment "myApplication.war" are as follows:

	java:global/myApplication/Greeting!com.javaee7.wildfly.server.stateless.RemoteGreeting
	java:app/myApplication/Greeting!com.javaee7.wildfly.server.stateless.RemoteGreeting
	java:module/Greeting!com.javaee7.wildfly.server.stateless.RemoteGreeting
	java:jboss/exported/myApplication/Greeting!com.javaee7.wildfly.server.stateless.RemoteGreeting
	java:global/myApplication/Greeting
	java:app/myApplication/Greeting
	java:module/Greeting

19:16:40,890 INFO  [org.jboss.as.ejb3.deployment.processors.EjbJndiBindingsDeploymentUnitProcessor] (MSC service thread 1-5) JNDI bindings for session bean named Counter in deployment unit deployment "myApplication.war" are as follows:

	java:global/myApplication/Counter!com.javaee7.wildfly.server.statefull.RemoteCounter
	java:app/myApplication/Counter!com.javaee7.wildfly.server.statefull.RemoteCounter
	java:module/Counter!com.javaee7.wildfly.server.statefull.RemoteCounter
	java:jboss/exported/myApplication/Counter!com.javaee7.wildfly.server.statefull.RemoteCounter
	java:global/myApplication/Counter
	java:app/myApplication/Counter
	java:module/Counter

19:16:41,047 INFO  [org.jboss.weld.deployer] (MSC service thread 1-2) JBAS016005: Starting Services for CDI deployment: myApplication.war
19:16:41,079 INFO  [org.jboss.weld.Version] (MSC service thread 1-2) WELD-000900: 2.2.6 (Final)
19:16:41,117 INFO  [org.jboss.weld.deployer] (MSC service thread 1-4) JBAS016008: Starting weld service for deployment myApplication.war
19:16:42,098 INFO  [org.wildfly.extension.undertow] (MSC service thread 1-7) JBAS017534: Registered web context: /myApplication
19:16:42,158 INFO  [org.jboss.as.server] (management-handler-thread - 3) JBAS018559: Deployed "myApplication.war" (runtime-name : "myApplication.war")
19:16:44,294 INFO  [org.wildfly.extension.undertow] (MSC service thread 1-2) JBAS017535: Unregistered web context: /myApplication
19:16:44,309 INFO  [org.jboss.weld.deployer] (MSC service thread 1-5) JBAS016009: Stopping weld service for deployment myApplication.war
19:16:44,384 INFO  [org.jboss.as.server.deployment] (MSC service thread 1-5) JBAS015877: Stopped deployment myApplication.war (runtime-name: myApplication.war) in 94ms
19:16:44,407 INFO  [org.jboss.as.repository] (management-handler-thread - 3) JBAS014901: Content removed from location C:\Users\meynier\data\git\java\EJB-Remote\target\node1\wildfly-8.2.1.Final\standalone\data\content\77\eef9b4a91bc641976c308353f24ae84b367bbf\content
19:16:44,408 INFO  [org.jboss.as.server] (management-handler-thread - 3) JBAS018558: Undeployed "myApplication.war" (runtime-name: "myApplication.war")
Tests run: 2, Failures: 0, Errors: 0, Skipped: 0, Time elapsed: 10.53 sec
19:16:44,426 INFO  [org.jboss.as.connector.subsystems.datasources] (MSC service thread 1-5) JBAS010409: Unbound data source [java:jboss/datasources/ExampleDS]
19:16:44,428 INFO  [org.wildfly.extension.undertow] (MSC service thread 1-2) JBAS017532: Host default-host stopping
19:16:44,435 INFO  [org.wildfly.extension.undertow] (MSC service thread 1-5) JBAS017521: Undertow HTTP listener default suspending
19:16:44,436 INFO  [org.jboss.as.connector.deployers.jdbc] (MSC service thread 1-8) JBAS010418: Stopped Driver service with driver-name = h2
19:16:44,437 INFO  [org.wildfly.extension.undertow] (MSC service thread 1-5) JBAS017520: Undertow HTTP listener default stopped, was bound to /127.0.0.1:8080
19:16:44,438 INFO  [org.wildfly.extension.undertow] (MSC service thread 1-5) JBAS017506: Undertow 1.1.8.Final stopping
19:16:44,462 INFO  [org.jboss.as] (MSC service thread 1-8) JBAS015950: WildFly 8.2.1.Final "Tweek" stopped in 36ms
Java HotSpot(TM) 64-Bit Server VM warning: ignoring option MaxPermSize=256m; support was removed in 8.0

Results :

Tests run: 2, Failures: 0, Errors: 0, Skipped: 0

[INFO] 
[INFO] --- maven-jar-plugin:2.4:jar (default-jar) @ ejb-remote ---
[INFO] Building jar: C:\Users\meynier\data\git\java\EJB-Remote\target\ejb-remote-0.0.1-SNAPSHOT.jar
[INFO] 
[INFO] --- maven-failsafe-plugin:3.0.0-M3:integration-test (run-integration-test) @ ejb-remote ---
[INFO] 
[INFO] -------------------------------------------------------
[INFO]  T E S T S
[INFO] -------------------------------------------------------
[INFO] Running com.javaee7.wildfly.server.ProgrammaticClientIT
19:16:48,696 INFO  [org.jboss.modules] (main) JBoss Modules version 1.3.3.Final
19:16:48,917 INFO  [org.jboss.msc] (main) JBoss MSC version 1.2.2.Final
19:16:48,989 INFO  [org.jboss.as] (MSC service thread 1-7) JBAS015899: WildFly 8.2.1.Final "Tweek" starting
19:16:50,471 INFO  [org.jboss.as.server] (Controller Boot Thread) JBAS015888: Creating http management service using socket-binding (management-http)
19:16:50,495 INFO  [org.xnio] (MSC service thread 1-6) XNIO version 3.3.0.Final
19:16:50,506 INFO  [org.xnio.nio] (MSC service thread 1-6) XNIO NIO Implementation Version 3.3.0.Final
19:16:50,577 INFO  [org.jboss.as.webservices] (ServerService Thread Pool -- 48) JBAS015537: Activating WebServices Extension
19:16:50,590 INFO  [org.wildfly.extension.undertow] (ServerService Thread Pool -- 47) JBAS017502: Undertow 1.1.8.Final starting
19:16:50,590 INFO  [org.wildfly.extension.undertow] (MSC service thread 1-7) JBAS017502: Undertow 1.1.8.Final starting
19:16:50,593 INFO  [org.jboss.as.security] (ServerService Thread Pool -- 45) JBAS013171: Activating Security Subsystem
19:16:50,598 WARN  [org.jboss.as.txn] (ServerService Thread Pool -- 46) JBAS010153: Node identifier property is set to the default value. Please make sure it is unique.
19:16:50,607 INFO  [org.jboss.as.security] (MSC service thread 1-4) JBAS013170: Current PicketBox version=4.0.21.Final
19:16:50,615 INFO  [org.jboss.as.jsf] (ServerService Thread Pool -- 38) JBAS012615: Activated the following JSF Implementations: [main]
19:16:50,638 INFO  [org.jboss.as.clustering.infinispan] (ServerService Thread Pool -- 32) JBAS010280: Activating Infinispan subsystem.
19:16:50,651 INFO  [org.jboss.as.connector.logging] (MSC service thread 1-1) JBAS010408: Starting JCA Subsystem (IronJacamar 1.1.9.Final)
19:16:50,663 INFO  [org.wildfly.extension.io] (ServerService Thread Pool -- 31) WFLYIO001: Worker 'default' has auto-configured to 8 core threads with 64 task threads based on your 4 available processors
19:16:50,621 INFO  [org.jboss.as.naming] (ServerService Thread Pool -- 40) JBAS011800: Activating Naming Subsystem
19:16:50,728 INFO  [org.jboss.as.mail.extension] (MSC service thread 1-4) JBAS015400: Bound mail session [java:jboss/mail/Default]
19:16:50,769 INFO  [org.jboss.as.naming] (MSC service thread 1-5) JBAS011802: Starting Naming Service
19:16:50,807 INFO  [org.jboss.remoting] (MSC service thread 1-6) JBoss Remoting version 4.0.7.Final
19:16:50,944 INFO  [org.jboss.as.connector.subsystems.datasources] (ServerService Thread Pool -- 27) JBAS010403: Deploying JDBC-compliant driver class org.h2.Driver (version 1.3)
19:16:50,966 INFO  [org.jboss.as.connector.deployers.jdbc] (MSC service thread 1-2) JBAS010417: Started Driver service with driver-name = h2
19:16:51,025 INFO  [org.wildfly.extension.undertow] (ServerService Thread Pool -- 47) JBAS017527: Creating file handler for path C:\Users\meynier\data\git\java\EJB-Remote\target\node1\wildfly-8.2.1.Final/welcome-content
19:16:51,038 INFO  [org.wildfly.extension.undertow] (MSC service thread 1-8) JBAS017525: Started server default-server.
19:16:51,051 INFO  [org.wildfly.extension.undertow] (MSC service thread 1-8) JBAS017531: Host default-host starting
19:16:51,163 INFO  [org.wildfly.extension.undertow] (MSC service thread 1-4) JBAS017519: Undertow HTTP listener default listening on /127.0.0.1:8080
19:16:51,243 INFO  [org.jboss.as.server.deployment.scanner] (MSC service thread 1-4) JBAS015012: Started FileSystemDeploymentService for directory C:\Users\meynier\data\git\java\EJB-Remote\target\node1\wildfly-8.2.1.Final\standalone\deployments
19:16:51,254 INFO  [org.jboss.as.connector.subsystems.datasources] (MSC service thread 1-5) JBAS010400: Bound data source [java:jboss/datasources/ExampleDS]
19:16:51,508 INFO  [org.jboss.ws.common.management] (MSC service thread 1-7) JBWS022052: Starting JBoss Web Services - Stack CXF Server 4.3.2.Final
19:16:51,577 INFO  [org.jboss.as] (Controller Boot Thread) JBAS015961: Http management interface listening on http://127.0.0.1:9990/management
19:16:51,578 INFO  [org.jboss.as] (Controller Boot Thread) JBAS015951: Admin console listening on http://127.0.0.1:9990
19:16:51,578 INFO  [org.jboss.as] (Controller Boot Thread) JBAS015874: WildFly 8.2.1.Final "Tweek" started in 3301ms - Started 184 of 234 services (82 services are lazy, passive or on-demand)
19:16:52,656 INFO  [org.jboss.as.repository] (management-handler-thread - 2) JBAS014900: Content added at location C:\Users\meynier\data\git\java\EJB-Remote\target\node1\wildfly-8.2.1.Final\standalone\data\content\33\7ccd481a4f50da19f7d2e55b08dc069eb56e5a\content
19:16:52,679 INFO  [org.jboss.as.server.deployment] (MSC service thread 1-1) JBAS015876: Starting deployment of "myApplication.war" (runtime-name: "myApplication.war")
19:16:53,192 INFO  [org.jboss.weld.deployer] (MSC service thread 1-8) JBAS016002: Processing weld deployment myApplication.war
19:16:53,252 INFO  [org.hibernate.validator.internal.util.Version] (MSC service thread 1-8) HV000001: Hibernate Validator 5.1.3.Final
19:16:53,327 INFO  [org.jboss.as.ejb3.deployment.processors.EjbJndiBindingsDeploymentUnitProcessor] (MSC service thread 1-8) JNDI bindings for session bean named Greeting in deployment unit deployment "myApplication.war" are as follows:

	java:global/myApplication/Greeting!com.javaee7.wildfly.server.stateless.RemoteGreeting
	java:app/myApplication/Greeting!com.javaee7.wildfly.server.stateless.RemoteGreeting
	java:module/Greeting!com.javaee7.wildfly.server.stateless.RemoteGreeting
	java:jboss/exported/myApplication/Greeting!com.javaee7.wildfly.server.stateless.RemoteGreeting
	java:global/myApplication/Greeting
	java:app/myApplication/Greeting
	java:module/Greeting

19:16:53,328 INFO  [org.jboss.as.ejb3.deployment.processors.EjbJndiBindingsDeploymentUnitProcessor] (MSC service thread 1-8) JNDI bindings for session bean named Counter in deployment unit deployment "myApplication.war" are as follows:

	java:global/myApplication/Counter!com.javaee7.wildfly.server.statefull.RemoteCounter
	java:app/myApplication/Counter!com.javaee7.wildfly.server.statefull.RemoteCounter
	java:module/Counter!com.javaee7.wildfly.server.statefull.RemoteCounter
	java:jboss/exported/myApplication/Counter!com.javaee7.wildfly.server.statefull.RemoteCounter
	java:global/myApplication/Counter
	java:app/myApplication/Counter
	java:module/Counter

19:16:53,486 INFO  [org.jboss.weld.deployer] (MSC service thread 1-5) JBAS016005: Starting Services for CDI deployment: myApplication.war
19:16:53,522 INFO  [org.jboss.weld.Version] (MSC service thread 1-5) WELD-000900: 2.2.6 (Final)
19:16:53,560 INFO  [org.jboss.weld.deployer] (MSC service thread 1-1) JBAS016008: Starting weld service for deployment myApplication.war
19:16:54,532 INFO  [org.wildfly.extension.undertow] (MSC service thread 1-8) JBAS017534: Registered web context: /myApplication
19:16:54,580 INFO  [org.jboss.as.server] (management-handler-thread - 2) JBAS018559: Deployed "myApplication.war" (runtime-name : "myApplication.war")
19:16:57,836 INFO  [org.wildfly.extension.undertow] (MSC service thread 1-6) JBAS017535: Unregistered web context: /myApplication
19:16:57,848 INFO  [org.jboss.weld.deployer] (MSC service thread 1-3) JBAS016009: Stopping weld service for deployment myApplication.war
19:16:57,927 INFO  [org.jboss.as.server.deployment] (MSC service thread 1-5) JBAS015877: Stopped deployment myApplication.war (runtime-name: myApplication.war) in 94ms
19:16:57,951 INFO  [org.jboss.as.repository] (management-handler-thread - 2) JBAS014901: Content removed from location C:\Users\meynier\data\git\java\EJB-Remote\target\node1\wildfly-8.2.1.Final\standalone\data\content\33\7ccd481a4f50da19f7d2e55b08dc069eb56e5a\content
19:16:57,952 INFO  [org.jboss.as.server] (management-handler-thread - 2) JBAS018558: Undeployed "myApplication.war" (runtime-name: "myApplication.war")
[INFO] Tests run: 2, Failures: 0, Errors: 0, Skipped: 0, Time elapsed: 12.952 s - in com.javaee7.wildfly.server.ProgrammaticClientIT
[INFO] Running com.javaee7.wildfly.server.WildflyToWildflyIT
19:16:58,502 INFO  [org.jboss.as.repository] (management-handler-thread - 3) JBAS014900: Content added at location C:\Users\meynier\data\git\java\EJB-Remote\target\node1\wildfly-8.2.1.Final\standalone\data\content\ec\9bb210f23c7322782054b066d808d34070e2a2\content
19:16:58,505 INFO  [org.jboss.as.server.deployment] (MSC service thread 1-4) JBAS015876: Starting deployment of "myApplication.war" (runtime-name: "myApplication.war")
19:16:58,736 INFO  [org.jboss.weld.deployer] (MSC service thread 1-5) JBAS016002: Processing weld deployment myApplication.war
19:16:58,754 INFO  [org.jboss.as.ejb3.deployment.processors.EjbJndiBindingsDeploymentUnitProcessor] (MSC service thread 1-5) JNDI bindings for session bean named Greeting in deployment unit deployment "myApplication.war" are as follows:

	java:global/myApplication/Greeting!com.javaee7.wildfly.server.stateless.RemoteGreeting
	java:app/myApplication/Greeting!com.javaee7.wildfly.server.stateless.RemoteGreeting
	java:module/Greeting!com.javaee7.wildfly.server.stateless.RemoteGreeting
	java:jboss/exported/myApplication/Greeting!com.javaee7.wildfly.server.stateless.RemoteGreeting
	java:global/myApplication/Greeting
	java:app/myApplication/Greeting
	java:module/Greeting

19:16:58,755 INFO  [org.jboss.as.ejb3.deployment.processors.EjbJndiBindingsDeploymentUnitProcessor] (MSC service thread 1-5) JNDI bindings for session bean named Counter in deployment unit deployment "myApplication.war" are as follows:

	java:global/myApplication/Counter!com.javaee7.wildfly.server.statefull.RemoteCounter
	java:app/myApplication/Counter!com.javaee7.wildfly.server.statefull.RemoteCounter
	java:module/Counter!com.javaee7.wildfly.server.statefull.RemoteCounter
	java:jboss/exported/myApplication/Counter!com.javaee7.wildfly.server.statefull.RemoteCounter
	java:global/myApplication/Counter
	java:app/myApplication/Counter
	java:module/Counter

19:16:58,788 INFO  [org.jboss.weld.deployer] (MSC service thread 1-5) JBAS016005: Starting Services for CDI deployment: myApplication.war
19:16:58,794 INFO  [org.jboss.weld.deployer] (MSC service thread 1-8) JBAS016008: Starting weld service for deployment myApplication.war
19:16:58,979 INFO  [org.wildfly.extension.undertow] (MSC service thread 1-4) JBAS017534: Registered web context: /myApplication
19:16:59,013 INFO  [org.jboss.as.server] (management-handler-thread - 3) JBAS018559: Deployed "myApplication.war" (runtime-name : "myApplication.war")
19:16:59,536 INFO  [org.jboss.as.repository] (management-handler-thread - 1) JBAS014900: Content added at location C:\Users\meynier\data\git\java\EJB-Remote\target\node1\wildfly-8.2.1.Final\standalone\data\content\dd\d853f6414bc02875c369f3b1b423af32a6d028\content
19:16:59,538 INFO  [org.jboss.as.server.deployment] (MSC service thread 1-8) JBAS015876: Starting deployment of "myApplication-2.war" (runtime-name: "myApplication-2.war")
19:16:59,761 INFO  [org.jboss.weld.deployer] (MSC service thread 1-8) JBAS016002: Processing weld deployment myApplication-2.war
19:16:59,777 INFO  [org.jboss.as.ejb3.deployment.processors.EjbJndiBindingsDeploymentUnitProcessor] (MSC service thread 1-8) JNDI bindings for session bean named Greeting in deployment unit deployment "myApplication-2.war" are as follows:

	java:global/myApplication-2/Greeting!com.javaee7.wildfly.server.stateless.RemoteGreeting
	java:app/myApplication-2/Greeting!com.javaee7.wildfly.server.stateless.RemoteGreeting
	java:module/Greeting!com.javaee7.wildfly.server.stateless.RemoteGreeting
	java:jboss/exported/myApplication-2/Greeting!com.javaee7.wildfly.server.stateless.RemoteGreeting
	java:global/myApplication-2/Greeting
	java:app/myApplication-2/Greeting
	java:module/Greeting

19:16:59,777 INFO  [org.jboss.as.ejb3.deployment.processors.EjbJndiBindingsDeploymentUnitProcessor] (MSC service thread 1-8) JNDI bindings for session bean named Counter in deployment unit deployment "myApplication-2.war" are as follows:

	java:global/myApplication-2/Counter!com.javaee7.wildfly.server.statefull.RemoteCounter
	java:app/myApplication-2/Counter!com.javaee7.wildfly.server.statefull.RemoteCounter
	java:module/Counter!com.javaee7.wildfly.server.statefull.RemoteCounter
	java:jboss/exported/myApplication-2/Counter!com.javaee7.wildfly.server.statefull.RemoteCounter
	java:global/myApplication-2/Counter
	java:app/myApplication-2/Counter
	java:module/Counter

19:16:59,805 INFO  [org.jboss.weld.deployer] (MSC service thread 1-3) JBAS016005: Starting Services for CDI deployment: myApplication-2.war
19:16:59,810 INFO  [org.jboss.weld.deployer] (MSC service thread 1-8) JBAS016008: Starting weld service for deployment myApplication-2.war
19:16:59,993 INFO  [org.wildfly.extension.undertow] (MSC service thread 1-8) JBAS017534: Registered web context: /myApplication-2
19:17:00,029 INFO  [org.jboss.as.server] (management-handler-thread - 1) JBAS018559: Deployed "myApplication-2.war" (runtime-name : "myApplication-2.war")
19:17:00,639 INFO  [org.jboss.ejb.client] (default task-11) JBoss EJB Client version 2.0.1.Final
19:17:00,736 INFO  [org.jboss.ejb.client.remoting] (Remoting "config-based-ejb-client-endpoint" task-5) EJBCLIENT000017: Received server version 2 and marshalling strategies [river]
19:17:00,742 INFO  [org.jboss.ejb.client.remoting] (default task-14) EJBCLIENT000013: Successful version handshake completed for receiver context EJBReceiverContext{clientContext=org.jboss.ejb.client.EJBClientContext@7a7dbaa0, receiver=Remoting connection EJB receiver [connection=org.jboss.ejb.client.remoting.ConnectionPool$PooledConnection@5e3e22b8,channel=jboss.ejb,nodename=wspar500304]} on channel Channel ID fd1d4790 (outbound) of Remoting connection 543b1853 to localhost/127.0.0.1:8080
19:17:01,798 WARN  [org.jboss.ejb.client.remoting.ConfigBasedEJBClientContextSelector] (default task-23) Could not register a EJB receiver for connection to localhost:7979: java.lang.RuntimeException: java.net.ConnectException: Connection refused: no further information
	at org.jboss.ejb.client.remoting.IoFutureHelper.get(IoFutureHelper.java:92) [jboss-ejb-client-2.0.1.Final.jar:2.0.1.Final]
	at org.jboss.ejb.client.remoting.ConnectionPool.getConnection(ConnectionPool.java:77) [jboss-ejb-client-2.0.1.Final.jar:2.0.1.Final]
	at org.jboss.ejb.client.remoting.RemotingConnectionManager.getConnection(RemotingConnectionManager.java:51) [jboss-ejb-client-2.0.1.Final.jar:2.0.1.Final]
	at org.jboss.ejb.client.remoting.ConfigBasedEJBClientContextSelector.setupEJBReceivers(ConfigBasedEJBClientContextSelector.java:155) [jboss-ejb-client-2.0.1.Final.jar:2.0.1.Final]
	at org.jboss.ejb.client.remoting.ConfigBasedEJBClientContextSelector.getCurrent(ConfigBasedEJBClientContextSelector.java:115) [jboss-ejb-client-2.0.1.Final.jar:2.0.1.Final]
	at org.jboss.ejb.client.naming.ejb.EjbNamingContext.createIdentifiableEjbClientContext(EjbNamingContext.java:258) [jboss-ejb-client-2.0.1.Final.jar:2.0.1.Final]
	at org.jboss.ejb.client.naming.ejb.EjbNamingContext.setupScopedEjbClientContextIfNeeded(EjbNamingContext.java:123) [jboss-ejb-client-2.0.1.Final.jar:2.0.1.Final]
	at org.jboss.ejb.client.naming.ejb.EjbNamingContext.<init>(EjbNamingContext.java:98) [jboss-ejb-client-2.0.1.Final.jar:2.0.1.Final]
	at org.jboss.ejb.client.naming.ejb.ejbURLContextFactory.getObjectInstance(ejbURLContextFactory.java:38) [jboss-ejb-client-2.0.1.Final.jar:2.0.1.Final]
	at org.jboss.as.naming.InitialContext.getURLOrDefaultInitCtx(InitialContext.java:131)
	at javax.naming.InitialContext.lookup(InitialContext.java:417) [rt.jar:1.8.0_171]
	at javax.naming.InitialContext.lookup(InitialContext.java:417) [rt.jar:1.8.0_171]
	at com.javaee7.wildfly.server.client.EJBClient.callStatelessEJB(EJBClient.java:19) [classes:]
	at com.javaee7.wildfly.server.WildflyToWildflyIT.testEjbCallToOtherLocalServer(WildflyToWildflyIT.java:70) [classes:]
	at sun.reflect.NativeMethodAccessorImpl.invoke0(Native Method) [rt.jar:1.8.0_171]
	at sun.reflect.NativeMethodAccessorImpl.invoke(NativeMethodAccessorImpl.java:62) [rt.jar:1.8.0_171]
	at sun.reflect.DelegatingMethodAccessorImpl.invoke(DelegatingMethodAccessorImpl.java:43) [rt.jar:1.8.0_171]
	at java.lang.reflect.Method.invoke(Method.java:498) [rt.jar:1.8.0_171]
	at org.junit.runners.model.FrameworkMethod$1.runReflectiveCall(FrameworkMethod.java:50) [arquillian-junit.jar:]
	at org.junit.internal.runners.model.ReflectiveCallable.run(ReflectiveCallable.java:12) [arquillian-junit.jar:]
	at org.junit.runners.model.FrameworkMethod.invokeExplosively(FrameworkMethod.java:47) [arquillian-junit.jar:]
	at org.jboss.arquillian.junit.Arquillian$8$1.invokeMethod(Arquillian.java:325) [arquillian-junit.jar:]
	at org.jboss.arquillian.junit.MethodInvoker$1.invoke(MethodInvoker.java:18) [arquillian-junit.jar:]
	at org.jboss.arquillian.container.test.impl.execution.LocalTestExecuter.execute(LocalTestExecuter.java:57) [arquillian-core.jar:]
	at sun.reflect.NativeMethodAccessorImpl.invoke0(Native Method) [rt.jar:1.8.0_171]
	at sun.reflect.NativeMethodAccessorImpl.invoke(NativeMethodAccessorImpl.java:62) [rt.jar:1.8.0_171]
	at sun.reflect.DelegatingMethodAccessorImpl.invoke(DelegatingMethodAccessorImpl.java:43) [rt.jar:1.8.0_171]
	at java.lang.reflect.Method.invoke(Method.java:498) [rt.jar:1.8.0_171]
	at org.jboss.arquillian.core.impl.ObserverImpl.invoke(ObserverImpl.java:86) [arquillian-core.jar:]
	at org.jboss.arquillian.core.impl.EventContextImpl.invokeObservers(EventContextImpl.java:103) [arquillian-core.jar:]
	at org.jboss.arquillian.core.impl.EventContextImpl.proceed(EventContextImpl.java:90) [arquillian-core.jar:]
	at org.jboss.arquillian.core.impl.ManagerImpl.fire(ManagerImpl.java:133) [arquillian-core.jar:]
	at org.jboss.arquillian.core.impl.ManagerImpl.fire(ManagerImpl.java:105) [arquillian-core.jar:]
	at org.jboss.arquillian.core.impl.EventImpl.fire(EventImpl.java:62) [arquillian-core.jar:]
	at org.jboss.arquillian.container.test.impl.execution.ContainerTestExecuter.execute(ContainerTestExecuter.java:36) [arquillian-core.jar:]
	at sun.reflect.NativeMethodAccessorImpl.invoke0(Native Method) [rt.jar:1.8.0_171]
	at sun.reflect.NativeMethodAccessorImpl.invoke(NativeMethodAccessorImpl.java:62) [rt.jar:1.8.0_171]
	at sun.reflect.DelegatingMethodAccessorImpl.invoke(DelegatingMethodAccessorImpl.java:43) [rt.jar:1.8.0_171]
	at java.lang.reflect.Method.invoke(Method.java:498) [rt.jar:1.8.0_171]
	at org.jboss.arquillian.core.impl.ObserverImpl.invoke(ObserverImpl.java:86) [arquillian-core.jar:]
	at org.jboss.arquillian.core.impl.EventContextImpl.invokeObservers(EventContextImpl.java:103) [arquillian-core.jar:]
	at org.jboss.arquillian.core.impl.EventContextImpl.proceed(EventContextImpl.java:90) [arquillian-core.jar:]
	at org.jboss.arquillian.test.impl.TestContextHandler.createTestContext(TestContextHandler.java:116) [arquillian-core.jar:]
	at sun.reflect.GeneratedMethodAccessor13.invoke(Unknown Source) [:1.8.0_171]
	at sun.reflect.DelegatingMethodAccessorImpl.invoke(DelegatingMethodAccessorImpl.java:43) [rt.jar:1.8.0_171]
	at java.lang.reflect.Method.invoke(Method.java:498) [rt.jar:1.8.0_171]
	at org.jboss.arquillian.core.impl.ObserverImpl.invoke(ObserverImpl.java:86) [arquillian-core.jar:]
	at org.jboss.arquillian.core.impl.EventContextImpl.proceed(EventContextImpl.java:95) [arquillian-core.jar:]
	at org.jboss.arquillian.test.impl.TestContextHandler.createClassContext(TestContextHandler.java:83) [arquillian-core.jar:]
	at sun.reflect.GeneratedMethodAccessor12.invoke(Unknown Source) [:1.8.0_171]
	at sun.reflect.DelegatingMethodAccessorImpl.invoke(DelegatingMethodAccessorImpl.java:43) [rt.jar:1.8.0_171]
	at java.lang.reflect.Method.invoke(Method.java:498) [rt.jar:1.8.0_171]
	at org.jboss.arquillian.core.impl.ObserverImpl.invoke(ObserverImpl.java:86) [arquillian-core.jar:]
	at org.jboss.arquillian.core.impl.EventContextImpl.proceed(EventContextImpl.java:95) [arquillian-core.jar:]
	at org.jboss.arquillian.test.impl.TestContextHandler.createSuiteContext(TestContextHandler.java:69) [arquillian-core.jar:]
	at sun.reflect.GeneratedMethodAccessor11.invoke(Unknown Source) [:1.8.0_171]
	at sun.reflect.DelegatingMethodAccessorImpl.invoke(DelegatingMethodAccessorImpl.java:43) [rt.jar:1.8.0_171]
	at java.lang.reflect.Method.invoke(Method.java:498) [rt.jar:1.8.0_171]
	at org.jboss.arquillian.core.impl.ObserverImpl.invoke(ObserverImpl.java:86) [arquillian-core.jar:]
	at org.jboss.arquillian.core.impl.EventContextImpl.proceed(EventContextImpl.java:95) [arquillian-core.jar:]
	at org.jboss.arquillian.core.impl.ManagerImpl.fire(ManagerImpl.java:133) [arquillian-core.jar:]
	at org.jboss.arquillian.test.impl.EventTestRunnerAdaptor.test(EventTestRunnerAdaptor.java:139) [arquillian-core.jar:]
	at org.jboss.arquillian.junit.MethodInvoker.invoke(MethodInvoker.java:15) [arquillian-junit.jar:]
	at org.jboss.arquillian.junit.Arquillian$8.evaluate(Arquillian.java:332) [arquillian-junit.jar:]
	at org.jboss.arquillian.junit.Arquillian$4.evaluate(Arquillian.java:204) [arquillian-junit.jar:]
	at org.jboss.arquillian.junit.Arquillian.multiExecute(Arquillian.java:350) [arquillian-junit.jar:]
	at org.jboss.arquillian.junit.Arquillian.access$200(Arquillian.java:54) [arquillian-junit.jar:]
	at org.jboss.arquillian.junit.Arquillian$5.evaluate(Arquillian.java:215) [arquillian-junit.jar:]
	at org.jboss.arquillian.junit.Arquillian$7$1.invoke(Arquillian.java:279) [arquillian-junit.jar:]
	at org.jboss.arquillian.container.test.impl.execution.BeforeLifecycleEventExecuter.on(BeforeLifecycleEventExecuter.java:34) [arquillian-core.jar:]
	at sun.reflect.NativeMethodAccessorImpl.invoke0(Native Method) [rt.jar:1.8.0_171]
	at sun.reflect.NativeMethodAccessorImpl.invoke(NativeMethodAccessorImpl.java:62) [rt.jar:1.8.0_171]
	at sun.reflect.DelegatingMethodAccessorImpl.invoke(DelegatingMethodAccessorImpl.java:43) [rt.jar:1.8.0_171]
	at java.lang.reflect.Method.invoke(Method.java:498) [rt.jar:1.8.0_171]
	at org.jboss.arquillian.core.impl.ObserverImpl.invoke(ObserverImpl.java:86) [arquillian-core.jar:]
	at org.jboss.arquillian.core.impl.EventContextImpl.invokeObservers(EventContextImpl.java:103) [arquillian-core.jar:]
	at org.jboss.arquillian.core.impl.EventContextImpl.proceed(EventContextImpl.java:90) [arquillian-core.jar:]
	at org.jboss.arquillian.test.impl.TestContextHandler.createTestContext(TestContextHandler.java:116) [arquillian-core.jar:]
	at sun.reflect.GeneratedMethodAccessor13.invoke(Unknown Source) [:1.8.0_171]
	at sun.reflect.DelegatingMethodAccessorImpl.invoke(DelegatingMethodAccessorImpl.java:43) [rt.jar:1.8.0_171]
	at java.lang.reflect.Method.invoke(Method.java:498) [rt.jar:1.8.0_171]
	at org.jboss.arquillian.core.impl.ObserverImpl.invoke(ObserverImpl.java:86) [arquillian-core.jar:]
	at org.jboss.arquillian.core.impl.EventContextImpl.proceed(EventContextImpl.java:95) [arquillian-core.jar:]
	at org.jboss.arquillian.test.impl.TestContextHandler.createClassContext(TestContextHandler.java:83) [arquillian-core.jar:]
	at sun.reflect.GeneratedMethodAccessor12.invoke(Unknown Source) [:1.8.0_171]
	at sun.reflect.DelegatingMethodAccessorImpl.invoke(DelegatingMethodAccessorImpl.java:43) [rt.jar:1.8.0_171]
	at java.lang.reflect.Method.invoke(Method.java:498) [rt.jar:1.8.0_171]
	at org.jboss.arquillian.core.impl.ObserverImpl.invoke(ObserverImpl.java:86) [arquillian-core.jar:]
	at org.jboss.arquillian.core.impl.EventContextImpl.proceed(EventContextImpl.java:95) [arquillian-core.jar:]
	at org.jboss.arquillian.test.impl.TestContextHandler.createSuiteContext(TestContextHandler.java:69) [arquillian-core.jar:]
	at sun.reflect.GeneratedMethodAccessor11.invoke(Unknown Source) [:1.8.0_171]
	at sun.reflect.DelegatingMethodAccessorImpl.invoke(DelegatingMethodAccessorImpl.java:43) [rt.jar:1.8.0_171]
	at java.lang.reflect.Method.invoke(Method.java:498) [rt.jar:1.8.0_171]
	at org.jboss.arquillian.core.impl.ObserverImpl.invoke(ObserverImpl.java:86) [arquillian-core.jar:]
	at org.jboss.arquillian.core.impl.EventContextImpl.proceed(EventContextImpl.java:95) [arquillian-core.jar:]
	at org.jboss.arquillian.core.impl.ManagerImpl.fire(ManagerImpl.java:133) [arquillian-core.jar:]
	at org.jboss.arquillian.core.impl.ManagerImpl.fire(ManagerImpl.java:105) [arquillian-core.jar:]
	at org.jboss.arquillian.test.impl.EventTestRunnerAdaptor.fireCustomLifecycle(EventTestRunnerAdaptor.java:159) [arquillian-core.jar:]
	at org.jboss.arquillian.junit.Arquillian$7.evaluate(Arquillian.java:273) [arquillian-junit.jar:]
	at org.junit.runners.ParentRunner.runLeaf(ParentRunner.java:325) [arquillian-junit.jar:]
	at org.junit.runners.BlockJUnit4ClassRunner.runChild(BlockJUnit4ClassRunner.java:78) [arquillian-junit.jar:]
	at org.junit.runners.BlockJUnit4ClassRunner.runChild(BlockJUnit4ClassRunner.java:57) [arquillian-junit.jar:]
	at org.junit.runners.ParentRunner$3.run(ParentRunner.java:290) [arquillian-junit.jar:]
	at org.junit.runners.ParentRunner$1.schedule(ParentRunner.java:71) [arquillian-junit.jar:]
	at org.junit.runners.ParentRunner.runChildren(ParentRunner.java:288) [arquillian-junit.jar:]
	at org.junit.runners.ParentRunner.access$000(ParentRunner.java:58) [arquillian-junit.jar:]
	at org.junit.runners.ParentRunner$2.evaluate(ParentRunner.java:268) [arquillian-junit.jar:]
	at org.jboss.arquillian.junit.Arquillian$2.evaluate(Arquillian.java:166) [arquillian-junit.jar:]
	at org.jboss.arquillian.junit.Arquillian.multiExecute(Arquillian.java:350) [arquillian-junit.jar:]
	at org.jboss.arquillian.junit.Arquillian.access$200(Arquillian.java:54) [arquillian-junit.jar:]
	at org.jboss.arquillian.junit.Arquillian$3.evaluate(Arquillian.java:177) [arquillian-junit.jar:]
	at org.junit.runners.ParentRunner.run(ParentRunner.java:363) [arquillian-junit.jar:]
	at org.jboss.arquillian.junit.Arquillian.run(Arquillian.java:115) [arquillian-junit.jar:]
	at org.junit.runner.JUnitCore.run(JUnitCore.java:137) [arquillian-junit.jar:]
	at org.junit.runner.JUnitCore.run(JUnitCore.java:115) [arquillian-junit.jar:]
	at org.jboss.arquillian.junit.container.JUnitTestRunner.execute(JUnitTestRunner.java:61) [arquillian-junit.jar:]
	at org.jboss.arquillian.protocol.servlet.runner.ServletTestRunner.executeTest(ServletTestRunner.java:139) [arquillian-protocol.jar:]
	at org.jboss.arquillian.protocol.servlet.runner.ServletTestRunner.execute(ServletTestRunner.java:117) [arquillian-protocol.jar:]
	at org.jboss.arquillian.protocol.servlet.runner.ServletTestRunner.doGet(ServletTestRunner.java:86) [arquillian-protocol.jar:]
	at javax.servlet.http.HttpServlet.service(HttpServlet.java:687) [jboss-servlet-api_3.1_spec-1.0.0.Final.jar:1.0.0.Final]
	at javax.servlet.http.HttpServlet.service(HttpServlet.java:790) [jboss-servlet-api_3.1_spec-1.0.0.Final.jar:1.0.0.Final]
	at io.undertow.servlet.handlers.ServletHandler.handleRequest(ServletHandler.java:86) [undertow-servlet-1.1.8.Final.jar:1.1.8.Final]
	at io.undertow.servlet.handlers.security.ServletSecurityRoleHandler.handleRequest(ServletSecurityRoleHandler.java:62) [undertow-servlet-1.1.8.Final.jar:1.1.8.Final]
	at io.undertow.servlet.handlers.ServletDispatchingHandler.handleRequest(ServletDispatchingHandler.java:36) [undertow-servlet-1.1.8.Final.jar:1.1.8.Final]
	at org.wildfly.extension.undertow.security.SecurityContextAssociationHandler.handleRequest(SecurityContextAssociationHandler.java:78)
	at io.undertow.server.handlers.PredicateHandler.handleRequest(PredicateHandler.java:43) [undertow-core-1.1.8.Final.jar:1.1.8.Final]
	at io.undertow.servlet.handlers.security.SSLInformationAssociationHandler.handleRequest(SSLInformationAssociationHandler.java:131) [undertow-servlet-1.1.8.Final.jar:1.1.8.Final]
	at io.undertow.servlet.handlers.security.ServletAuthenticationCallHandler.handleRequest(ServletAuthenticationCallHandler.java:57) [undertow-servlet-1.1.8.Final.jar:1.1.8.Final]
	at io.undertow.server.handlers.PredicateHandler.handleRequest(PredicateHandler.java:43) [undertow-core-1.1.8.Final.jar:1.1.8.Final]
	at io.undertow.security.handlers.AbstractConfidentialityHandler.handleRequest(AbstractConfidentialityHandler.java:46) [undertow-core-1.1.8.Final.jar:1.1.8.Final]
	at io.undertow.servlet.handlers.security.ServletConfidentialityConstraintHandler.handleRequest(ServletConfidentialityConstraintHandler.java:64) [undertow-servlet-1.1.8.Final.jar:1.1.8.Final]
	at io.undertow.security.handlers.AuthenticationMechanismsHandler.handleRequest(AuthenticationMechanismsHandler.java:58) [undertow-core-1.1.8.Final.jar:1.1.8.Final]
	at io.undertow.servlet.handlers.security.CachedAuthenticatedSessionHandler.handleRequest(CachedAuthenticatedSessionHandler.java:70) [undertow-servlet-1.1.8.Final.jar:1.1.8.Final]
	at io.undertow.security.handlers.SecurityInitialHandler.handleRequest(SecurityInitialHandler.java:76) [undertow-core-1.1.8.Final.jar:1.1.8.Final]
	at io.undertow.server.handlers.PredicateHandler.handleRequest(PredicateHandler.java:43) [undertow-core-1.1.8.Final.jar:1.1.8.Final]
	at org.wildfly.extension.undertow.security.jacc.JACCContextIdHandler.handleRequest(JACCContextIdHandler.java:61)
	at io.undertow.server.handlers.PredicateHandler.handleRequest(PredicateHandler.java:43) [undertow-core-1.1.8.Final.jar:1.1.8.Final]
	at io.undertow.server.handlers.PredicateHandler.handleRequest(PredicateHandler.java:43) [undertow-core-1.1.8.Final.jar:1.1.8.Final]
	at io.undertow.servlet.handlers.ServletInitialHandler.handleFirstRequest(ServletInitialHandler.java:261) [undertow-servlet-1.1.8.Final.jar:1.1.8.Final]
	at io.undertow.servlet.handlers.ServletInitialHandler.dispatchRequest(ServletInitialHandler.java:248) [undertow-servlet-1.1.8.Final.jar:1.1.8.Final]
	at io.undertow.servlet.handlers.ServletInitialHandler.access$000(ServletInitialHandler.java:77) [undertow-servlet-1.1.8.Final.jar:1.1.8.Final]
	at io.undertow.servlet.handlers.ServletInitialHandler$1.handleRequest(ServletInitialHandler.java:167) [undertow-servlet-1.1.8.Final.jar:1.1.8.Final]
	at io.undertow.server.Connectors.executeRootHandler(Connectors.java:199) [undertow-core-1.1.8.Final.jar:1.1.8.Final]
	at io.undertow.server.HttpServerExchange$1.run(HttpServerExchange.java:761) [undertow-core-1.1.8.Final.jar:1.1.8.Final]
	at java.util.concurrent.ThreadPoolExecutor.runWorker(ThreadPoolExecutor.java:1149) [rt.jar:1.8.0_171]
	at java.util.concurrent.ThreadPoolExecutor$Worker.run(ThreadPoolExecutor.java:624) [rt.jar:1.8.0_171]
	at java.lang.Thread.run(Thread.java:748) [rt.jar:1.8.0_171]
Caused by: java.net.ConnectException: Connection refused: no further information
	at sun.nio.ch.SocketChannelImpl.checkConnect(Native Method) [rt.jar:1.8.0_171]
	at sun.nio.ch.SocketChannelImpl.finishConnect(SocketChannelImpl.java:717) [rt.jar:1.8.0_171]
	at org.xnio.nio.WorkerThread$ConnectHandle.handleReady(WorkerThread.java:319)
	at org.xnio.nio.WorkerThread.run(WorkerThread.java:539)
	at ...asynchronous invocation...(Unknown Source)
	at org.jboss.remoting3.EndpointImpl.doConnect(EndpointImpl.java:272)
	at org.jboss.remoting3.EndpointImpl.connect(EndpointImpl.java:388)
	at org.jboss.ejb.client.remoting.EndpointPool$PooledEndpoint.connect(EndpointPool.java:187) [jboss-ejb-client-2.0.1.Final.jar:2.0.1.Final]
	at org.jboss.ejb.client.remoting.NetworkUtil.connect(NetworkUtil.java:153) [jboss-ejb-client-2.0.1.Final.jar:2.0.1.Final]
	at org.jboss.ejb.client.remoting.NetworkUtil.connect(NetworkUtil.java:133) [jboss-ejb-client-2.0.1.Final.jar:2.0.1.Final]
	at org.jboss.ejb.client.remoting.ConnectionPool.getConnection(ConnectionPool.java:75) [jboss-ejb-client-2.0.1.Final.jar:2.0.1.Final]
	... 145 more

19:17:02,888 INFO  [org.wildfly.extension.undertow] (MSC service thread 1-8) JBAS017535: Unregistered web context: /myApplication
19:17:02,908 INFO  [org.jboss.weld.deployer] (MSC service thread 1-1) JBAS016009: Stopping weld service for deployment myApplication.war
19:17:03,010 INFO  [org.jboss.as.server.deployment] (MSC service thread 1-3) JBAS015877: Stopped deployment myApplication.war (runtime-name: myApplication.war) in 123ms
19:17:03,044 INFO  [org.jboss.as.repository] (management-handler-thread - 1) JBAS014901: Content removed from location C:\Users\meynier\data\git\java\EJB-Remote\target\node1\wildfly-8.2.1.Final\standalone\data\content\ec\9bb210f23c7322782054b066d808d34070e2a2\content
19:17:03,044 INFO  [org.jboss.as.server] (management-handler-thread - 1) JBAS018558: Undeployed "myApplication.war" (runtime-name: "myApplication.war")
19:17:03,052 INFO  [org.wildfly.extension.undertow] (MSC service thread 1-5) JBAS017535: Unregistered web context: /myApplication-2
19:17:03,061 INFO  [org.jboss.weld.deployer] (MSC service thread 1-4) JBAS016009: Stopping weld service for deployment myApplication-2.war
19:17:03,118 INFO  [org.jboss.as.server.deployment] (MSC service thread 1-6) JBAS015877: Stopped deployment myApplication-2.war (runtime-name: myApplication-2.war) in 66ms
19:17:03,145 INFO  [org.jboss.as.repository] (management-handler-thread - 1) JBAS014901: Content removed from location C:\Users\meynier\data\git\java\EJB-Remote\target\node1\wildfly-8.2.1.Final\standalone\data\content\dd\d853f6414bc02875c369f3b1b423af32a6d028\content
19:17:03,145 INFO  [org.jboss.as.server] (management-handler-thread - 1) JBAS018558: Undeployed "myApplication-2.war" (runtime-name: "myApplication-2.war")
[ERROR] Tests run: 4, Failures: 0, Errors: 1, Skipped: 0, Time elapsed: 3.93 s <<< FAILURE! - in com.javaee7.wildfly.server.WildflyToWildflyIT
[ERROR] testEjbCallToOtherLocalServer(com.javaee7.wildfly.server.WildflyToWildflyIT)  Time elapsed: 2.084 s  <<< ERROR!
java.lang.IllegalStateException: EJBCLIENT000025: No EJB receiver available for handling [appName:, moduleName:myApplication, distinctName:] combination for invocation context org.jboss.ejb.client.EJBClientInvocationContext@469ee9fe
	at com.javaee7.wildfly.server.WildflyToWildflyIT.testEjbCallToOtherLocalServer(WildflyToWildflyIT.java:70)

19:17:03,169 INFO  [org.jboss.ejb.client.remoting] (Remoting "config-based-ejb-client-endpoint" task-12) EJBCLIENT000016: Channel Channel ID fd1d4790 (outbound) of Remoting connection 543b1853 to localhost/127.0.0.1:8080 can no longer process messages
19:17:03,176 INFO  [org.jboss.as.connector.subsystems.datasources] (MSC service thread 1-7) JBAS010409: Unbound data source [java:jboss/datasources/ExampleDS]
19:17:03,177 INFO  [org.wildfly.extension.undertow] (MSC service thread 1-7) JBAS017532: Host default-host stopping
19:17:03,187 INFO  [org.wildfly.extension.undertow] (MSC service thread 1-8) JBAS017521: Undertow HTTP listener default suspending
19:17:03,188 INFO  [org.jboss.as.connector.deployers.jdbc] (MSC service thread 1-2) JBAS010418: Stopped Driver service with driver-name = h2
19:17:03,189 INFO  [org.wildfly.extension.undertow] (MSC service thread 1-8) JBAS017520: Undertow HTTP listener default stopped, was bound to /127.0.0.1:8080
19:17:03,190 INFO  [org.wildfly.extension.undertow] (MSC service thread 1-8) JBAS017506: Undertow 1.1.8.Final stopping
19:17:03,207 INFO  [org.jboss.as] (MSC service thread 1-8) JBAS015950: WildFly 8.2.1.Final "Tweek" stopped in 31ms
Java HotSpot(TM) 64-Bit Server VM warning: ignoring option MaxPermSize=256m; support was removed in 8.0
[INFO] 
[INFO] Results:
[INFO] 
[ERROR] Errors: 
[ERROR]   WildflyToWildflyIT.testEjbCallToOtherLocalServer:70 » IllegalState EJBCLIENT00...
[INFO] 
[ERROR] Tests run: 6, Failures: 0, Errors: 1, Skipped: 0
[INFO] 
[INFO] 
[INFO] --- maven-failsafe-plugin:3.0.0-M3:verify (run-integration-test) @ ejb-remote ---
[INFO] ------------------------------------------------------------------------
[INFO] BUILD FAILURE
[INFO] ------------------------------------------------------------------------
[INFO] Total time: 55.788 s
[INFO] Finished at: 2018-12-27T19:17:03+01:00
[INFO] ------------------------------------------------------------------------
[ERROR] Failed to execute goal org.apache.maven.plugins:maven-failsafe-plugin:3.0.0-M3:verify (run-integration-test) on project ejb-remote: There are test failures.
[ERROR] 
[ERROR] Please refer to C:\Users\meynier\data\git\java\EJB-Remote\target\failsafe-reports for the individual test results.
[ERROR] Please refer to dump files (if any exist) [date].dump, [date]-jvmRun[N].dump and [date].dumpstream.
[ERROR] -> [Help 1]
[ERROR] 
[ERROR] To see the full stack trace of the errors, re-run Maven with the -e switch.
[ERROR] Re-run Maven using the -X switch to enable full debug logging.
[ERROR] 
[ERROR] For more information about the errors and possible solutions, please read the following articles:
[ERROR] [Help 1] http://cwiki.apache.org/confluence/display/MAVEN/MojoFailureException
